<?xml version="1.0" encoding="UTF-8"?>
<!-- Generated by org.testng.reporters.JUnitReportReporter -->
<testsuite skipped="0" hostname="DESKTOP-341CINP" name="com.test.UISeleniumGridTest" tests="1" failures="0" timestamp="14 Mar 2019 18:45:53 GMT" time="4.788" errors="0">
  <testcase name="sampleTest" time="4.788" classname="com.test.UISeleniumGridTest"/>
</testsuite> <!-- com.test.UISeleniumGridTest -->
