<?xml version="1.0" encoding="UTF-8"?>
<!-- Generated by org.testng.reporters.JUnitReportReporter -->
<testsuite skipped="0" hostname="DESKTOP-341CINP" name="com.test.SeleniumGrid" tests="5" failures="0" timestamp="15 Mar 2019 11:08:07 GMT" time="15.791" errors="0">
  <testcase name="sampleTest2" time="3.332" classname="com.test.SeleniumGrid"/>
  <testcase name="sampleTest4" time="2.853" classname="com.test.SeleniumGrid"/>
  <testcase name="sampleTest1" time="3.118" classname="com.test.SeleniumGrid"/>
  <testcase name="sampleTest" time="3.212" classname="com.test.SeleniumGrid"/>
  <testcase name="sampleTest3" time="3.276" classname="com.test.SeleniumGrid"/>
</testsuite> <!-- com.test.SeleniumGrid -->
